{"eventType":"ROOM_CREATED","timestamp":"2025-05-19T13:27:23.256Z","details":{"roomCode":"1Z7SL1","gamemasterPersistentId":"P-625be625-c55f-41dd-b0a7-b7e953e9266b"}}
{"eventType":"ROOM_CREATED","timestamp":"2025-05-19T13:29:14.269Z","details":{"roomCode":"1Z7SL1","gamemasterPersistentId":"P-625be625-c55f-41dd-b0a7-b7e953e9266b"}}
{"eventType":"ROOM_CREATED","timestamp":"2025-05-19T15:38:54.168Z","details":{"roomCode":"EPPH2F","gamemasterPersistentId":"P-625be625-c55f-41dd-b0a7-b7e953e9266b"}}
{"eventType":"ROOM_CREATED","timestamp":"2025-05-19T15:41:14.075Z","details":{"roomCode":"1Z7SL1","gamemasterPersistentId":"P-625be625-c55f-41dd-b0a7-b7e953e9266b"}}
{"eventType":"ROOM_CREATED","timestamp":"2025-05-19T15:41:14.076Z","details":{"roomCode":"EPPH2F","gamemasterPersistentId":"P-625be625-c55f-41dd-b0a7-b7e953e9266b"}}
{"eventType":"ROOM_CREATED","timestamp":"2025-05-19T15:52:45.492Z","details":{"roomCode":"1Z7SL1","gamemasterPersistentId":"P-625be625-c55f-41dd-b0a7-b7e953e9266b"}}
{"eventType":"ROOM_CREATED","timestamp":"2025-05-19T15:52:45.493Z","details":{"roomCode":"EPPH2F","gamemasterPersistentId":"P-625be625-c55f-41dd-b0a7-b7e953e9266b"}}
{"eventType":"ROOM_CREATED","timestamp":"2025-05-19T16:08:51.486Z","details":{"roomCode":"1Z7SL1","gamemasterPersistentId":"P-625be625-c55f-41dd-b0a7-b7e953e9266b"}}
{"eventType":"ROOM_CREATED","timestamp":"2025-05-19T16:08:51.487Z","details":{"roomCode":"EPPH2F","gamemasterPersistentId":"P-625be625-c55f-41dd-b0a7-b7e953e9266b"}}
{"eventType":"ROOM_CREATED","timestamp":"2025-05-19T16:17:57.916Z","details":{"roomCode":"1Z7SL1","gamemasterPersistentId":"P-625be625-c55f-41dd-b0a7-b7e953e9266b"}}
{"eventType":"ROOM_CREATED","timestamp":"2025-05-19T16:17:57.917Z","details":{"roomCode":"EPPH2F","gamemasterPersistentId":"P-625be625-c55f-41dd-b0a7-b7e953e9266b"}}
{"eventType":"ROOM_CREATED","timestamp":"2025-05-19T16:22:07.415Z","details":{"roomCode":"1Z7SL1","gamemasterPersistentId":"P-625be625-c55f-41dd-b0a7-b7e953e9266b"}}
{"eventType":"ROOM_CREATED","timestamp":"2025-05-19T16:22:07.416Z","details":{"roomCode":"EPPH2F","gamemasterPersistentId":"P-625be625-c55f-41dd-b0a7-b7e953e9266b"}}
{"eventType":"ROOM_CREATED","timestamp":"2025-05-19T16:28:49.978Z","details":{"roomCode":"EHEKXE","gamemasterPersistentId":"P-625be625-c55f-41dd-b0a7-b7e953e9266b"}}
{"eventType":"ROOM_CREATED","timestamp":"2025-05-19T16:30:45.335Z","details":{"roomCode":"1Z7SL1","gamemasterPersistentId":"P-625be625-c55f-41dd-b0a7-b7e953e9266b"}}
{"eventType":"ROOM_CREATED","timestamp":"2025-05-19T16:30:45.336Z","details":{"roomCode":"EPPH2F","gamemasterPersistentId":"P-625be625-c55f-41dd-b0a7-b7e953e9266b"}}
{"eventType":"ROOM_CREATED","timestamp":"2025-05-19T16:30:45.336Z","details":{"roomCode":"EHEKXE","gamemasterPersistentId":"P-625be625-c55f-41dd-b0a7-b7e953e9266b"}}
{"eventType":"ROOM_CREATED","timestamp":"2025-05-19T16:31:17.387Z","details":{"roomCode":"1Z7SL1","gamemasterPersistentId":"P-625be625-c55f-41dd-b0a7-b7e953e9266b"}}
{"eventType":"ROOM_CREATED","timestamp":"2025-05-19T16:31:17.388Z","details":{"roomCode":"EPPH2F","gamemasterPersistentId":"P-625be625-c55f-41dd-b0a7-b7e953e9266b"}}
{"eventType":"ROOM_CREATED","timestamp":"2025-05-19T16:31:17.389Z","details":{"roomCode":"EHEKXE","gamemasterPersistentId":"P-625be625-c55f-41dd-b0a7-b7e953e9266b"}}
{"eventType":"ROOM_CREATED","timestamp":"2025-05-19T16:31:56.946Z","details":{"roomCode":"75HM9F","gamemasterPersistentId":"P-625be625-c55f-41dd-b0a7-b7e953e9266b"}}
{"eventType":"ROOM_CREATED","timestamp":"2025-05-19T16:34:05.580Z","details":{"roomCode":"218151","gamemasterPersistentId":"P-625be625-c55f-41dd-b0a7-b7e953e9266b"}}
{"eventType":"ROOM_CREATED","timestamp":"2025-05-19T16:39:24.542Z","details":{"roomCode":"218151","gamemasterPersistentId":"P-625be625-c55f-41dd-b0a7-b7e953e9266b"}}
{"eventType":"ROOM_CREATED","timestamp":"2025-05-19T16:39:24.544Z","details":{"roomCode":"1Z7SL1","gamemasterPersistentId":"P-625be625-c55f-41dd-b0a7-b7e953e9266b"}}
{"eventType":"ROOM_CREATED","timestamp":"2025-05-19T16:39:24.545Z","details":{"roomCode":"EPPH2F","gamemasterPersistentId":"P-625be625-c55f-41dd-b0a7-b7e953e9266b"}}
{"eventType":"ROOM_CREATED","timestamp":"2025-05-19T16:39:24.545Z","details":{"roomCode":"EHEKXE","gamemasterPersistentId":"P-625be625-c55f-41dd-b0a7-b7e953e9266b"}}
{"eventType":"ROOM_CREATED","timestamp":"2025-05-19T16:39:24.546Z","details":{"roomCode":"75HM9F","gamemasterPersistentId":"P-625be625-c55f-41dd-b0a7-b7e953e9266b"}}
{"eventType":"ROOM_CREATED","timestamp":"2025-05-19T16:39:44.729Z","details":{"roomCode":"218151","gamemasterPersistentId":"P-625be625-c55f-41dd-b0a7-b7e953e9266b"}}
{"eventType":"ROOM_CREATED","timestamp":"2025-05-19T16:39:44.730Z","details":{"roomCode":"1Z7SL1","gamemasterPersistentId":"P-625be625-c55f-41dd-b0a7-b7e953e9266b"}}
{"eventType":"ROOM_CREATED","timestamp":"2025-05-19T16:39:44.731Z","details":{"roomCode":"EPPH2F","gamemasterPersistentId":"P-625be625-c55f-41dd-b0a7-b7e953e9266b"}}
{"eventType":"ROOM_CREATED","timestamp":"2025-05-19T16:39:44.733Z","details":{"roomCode":"EHEKXE","gamemasterPersistentId":"P-625be625-c55f-41dd-b0a7-b7e953e9266b"}}
{"eventType":"ROOM_CREATED","timestamp":"2025-05-19T16:39:44.734Z","details":{"roomCode":"75HM9F","gamemasterPersistentId":"P-625be625-c55f-41dd-b0a7-b7e953e9266b"}}
{"eventType":"ROOM_CREATED","timestamp":"2025-05-19T16:40:14.989Z","details":{"roomCode":"E04GOM","gamemasterPersistentId":"P-625be625-c55f-41dd-b0a7-b7e953e9266b"}}
{"eventType":"ROOM_CREATED","timestamp":"2025-05-19T17:18:13.268Z","details":{"roomCode":"218151","gamemasterPersistentId":"P-625be625-c55f-41dd-b0a7-b7e953e9266b"}}
{"eventType":"ROOM_CREATED","timestamp":"2025-05-19T17:18:13.269Z","details":{"roomCode":"1Z7SL1","gamemasterPersistentId":"P-625be625-c55f-41dd-b0a7-b7e953e9266b"}}
{"eventType":"ROOM_CREATED","timestamp":"2025-05-19T17:18:13.270Z","details":{"roomCode":"EPPH2F","gamemasterPersistentId":"P-625be625-c55f-41dd-b0a7-b7e953e9266b"}}
{"eventType":"ROOM_CREATED","timestamp":"2025-05-19T17:18:13.271Z","details":{"roomCode":"EHEKXE","gamemasterPersistentId":"P-625be625-c55f-41dd-b0a7-b7e953e9266b"}}
{"eventType":"ROOM_CREATED","timestamp":"2025-05-19T17:18:13.271Z","details":{"roomCode":"75HM9F","gamemasterPersistentId":"P-625be625-c55f-41dd-b0a7-b7e953e9266b"}}
{"eventType":"ROOM_CREATED","timestamp":"2025-05-19T17:18:13.272Z","details":{"roomCode":"E04GOM","gamemasterPersistentId":"P-625be625-c55f-41dd-b0a7-b7e953e9266b"}}
{"eventType":"ROOM_CREATED","timestamp":"2025-05-19T17:18:16.047Z","details":{"roomCode":"V0EYBC","gamemasterPersistentId":"P-625be625-c55f-41dd-b0a7-b7e953e9266b"}}
{"eventType":"ROOM_CREATED","timestamp":"2025-05-19T17:20:42.300Z","details":{"roomCode":"218151","gamemasterPersistentId":"P-625be625-c55f-41dd-b0a7-b7e953e9266b"}}
{"eventType":"ROOM_CREATED","timestamp":"2025-05-19T17:20:42.301Z","details":{"roomCode":"1Z7SL1","gamemasterPersistentId":"P-625be625-c55f-41dd-b0a7-b7e953e9266b"}}
{"eventType":"ROOM_CREATED","timestamp":"2025-05-19T17:20:42.303Z","details":{"roomCode":"EPPH2F","gamemasterPersistentId":"P-625be625-c55f-41dd-b0a7-b7e953e9266b"}}
{"eventType":"ROOM_CREATED","timestamp":"2025-05-19T17:20:42.304Z","details":{"roomCode":"EHEKXE","gamemasterPersistentId":"P-625be625-c55f-41dd-b0a7-b7e953e9266b"}}
{"eventType":"ROOM_CREATED","timestamp":"2025-05-19T17:20:42.306Z","details":{"roomCode":"75HM9F","gamemasterPersistentId":"P-625be625-c55f-41dd-b0a7-b7e953e9266b"}}
{"eventType":"ROOM_CREATED","timestamp":"2025-05-19T17:20:42.308Z","details":{"roomCode":"E04GOM","gamemasterPersistentId":"P-625be625-c55f-41dd-b0a7-b7e953e9266b"}}
{"eventType":"ROOM_CREATED","timestamp":"2025-05-19T17:20:42.309Z","details":{"roomCode":"V0EYBC","gamemasterPersistentId":"P-625be625-c55f-41dd-b0a7-b7e953e9266b"}}
{"eventType":"ROOM_CREATED","timestamp":"2025-05-19T17:21:32.503Z","details":{"roomCode":"218151","gamemasterPersistentId":"P-625be625-c55f-41dd-b0a7-b7e953e9266b"}}
{"eventType":"ROOM_CREATED","timestamp":"2025-05-19T17:21:32.504Z","details":{"roomCode":"1Z7SL1","gamemasterPersistentId":"P-625be625-c55f-41dd-b0a7-b7e953e9266b"}}
{"eventType":"ROOM_CREATED","timestamp":"2025-05-19T17:21:32.505Z","details":{"roomCode":"EPPH2F","gamemasterPersistentId":"P-625be625-c55f-41dd-b0a7-b7e953e9266b"}}
{"eventType":"ROOM_CREATED","timestamp":"2025-05-19T17:21:32.506Z","details":{"roomCode":"EHEKXE","gamemasterPersistentId":"P-625be625-c55f-41dd-b0a7-b7e953e9266b"}}
{"eventType":"ROOM_CREATED","timestamp":"2025-05-19T17:21:32.507Z","details":{"roomCode":"75HM9F","gamemasterPersistentId":"P-625be625-c55f-41dd-b0a7-b7e953e9266b"}}
{"eventType":"ROOM_CREATED","timestamp":"2025-05-19T17:21:32.508Z","details":{"roomCode":"E04GOM","gamemasterPersistentId":"P-625be625-c55f-41dd-b0a7-b7e953e9266b"}}
{"eventType":"ROOM_CREATED","timestamp":"2025-05-19T17:21:34.022Z","details":{"roomCode":"BI7YKS","gamemasterPersistentId":"P-625be625-c55f-41dd-b0a7-b7e953e9266b"}}
{"eventType":"ROOM_CREATED","timestamp":"2025-05-19T17:55:42.371Z","details":{"roomCode":"218151","gamemasterPersistentId":"P-625be625-c55f-41dd-b0a7-b7e953e9266b"}}
{"eventType":"ROOM_CREATED","timestamp":"2025-05-19T17:55:42.372Z","details":{"roomCode":"1Z7SL1","gamemasterPersistentId":"P-625be625-c55f-41dd-b0a7-b7e953e9266b"}}
{"eventType":"ROOM_CREATED","timestamp":"2025-05-19T17:55:42.373Z","details":{"roomCode":"EPPH2F","gamemasterPersistentId":"P-625be625-c55f-41dd-b0a7-b7e953e9266b"}}
{"eventType":"ROOM_CREATED","timestamp":"2025-05-19T17:55:42.374Z","details":{"roomCode":"EHEKXE","gamemasterPersistentId":"P-625be625-c55f-41dd-b0a7-b7e953e9266b"}}
{"eventType":"ROOM_CREATED","timestamp":"2025-05-19T17:55:42.375Z","details":{"roomCode":"75HM9F","gamemasterPersistentId":"P-625be625-c55f-41dd-b0a7-b7e953e9266b"}}
{"eventType":"ROOM_CREATED","timestamp":"2025-05-19T17:55:42.376Z","details":{"roomCode":"E04GOM","gamemasterPersistentId":"P-625be625-c55f-41dd-b0a7-b7e953e9266b"}}
{"eventType":"ROOM_CREATED","timestamp":"2025-05-19T17:55:42.377Z","details":{"roomCode":"BI7YKS","gamemasterPersistentId":"P-625be625-c55f-41dd-b0a7-b7e953e9266b"}}
{"eventType":"ROOM_CREATED","timestamp":"2025-05-19T17:55:50.127Z","details":{"roomCode":"KPXS5C","gamemasterPersistentId":"P-625be625-c55f-41dd-b0a7-b7e953e9266b"}}
{"eventType":"ROOM_CREATED","timestamp":"2025-05-19T18:02:38.205Z","details":{"roomCode":"218151","gamemasterPersistentId":"P-625be625-c55f-41dd-b0a7-b7e953e9266b"}}
{"eventType":"ROOM_CREATED","timestamp":"2025-05-19T18:02:38.207Z","details":{"roomCode":"1Z7SL1","gamemasterPersistentId":"P-625be625-c55f-41dd-b0a7-b7e953e9266b"}}
{"eventType":"ROOM_CREATED","timestamp":"2025-05-19T18:02:38.208Z","details":{"roomCode":"EPPH2F","gamemasterPersistentId":"P-625be625-c55f-41dd-b0a7-b7e953e9266b"}}
{"eventType":"ROOM_CREATED","timestamp":"2025-05-19T18:02:38.209Z","details":{"roomCode":"EHEKXE","gamemasterPersistentId":"P-625be625-c55f-41dd-b0a7-b7e953e9266b"}}
{"eventType":"ROOM_CREATED","timestamp":"2025-05-19T18:02:38.210Z","details":{"roomCode":"75HM9F","gamemasterPersistentId":"P-625be625-c55f-41dd-b0a7-b7e953e9266b"}}
{"eventType":"ROOM_CREATED","timestamp":"2025-05-19T18:02:38.211Z","details":{"roomCode":"E04GOM","gamemasterPersistentId":"P-625be625-c55f-41dd-b0a7-b7e953e9266b"}}
{"eventType":"ROOM_CREATED","timestamp":"2025-05-19T18:02:38.211Z","details":{"roomCode":"BI7YKS","gamemasterPersistentId":"P-625be625-c55f-41dd-b0a7-b7e953e9266b"}}
{"eventType":"ROOM_CREATED","timestamp":"2025-05-19T18:02:38.212Z","details":{"roomCode":"KPXS5C","gamemasterPersistentId":"P-625be625-c55f-41dd-b0a7-b7e953e9266b"}}
{"eventType":"ROOM_CREATED","timestamp":"2025-05-19T18:02:45.439Z","details":{"roomCode":"24J4XL","gamemasterPersistentId":"P-625be625-c55f-41dd-b0a7-b7e953e9266b"}}
{"eventType":"ROOM_CREATED","timestamp":"2025-05-19T19:46:44.309Z","details":{"roomCode":"DA5T7G","gamemasterPersistentId":"P-625be625-c55f-41dd-b0a7-b7e953e9266b"}}
{"eventType":"ROOM_CREATED","timestamp":"2025-05-19T20:26:09.769Z","details":{"roomCode":"218151","gamemasterPersistentId":"P-625be625-c55f-41dd-b0a7-b7e953e9266b"}}
{"eventType":"ROOM_CREATED","timestamp":"2025-05-19T20:26:09.770Z","details":{"roomCode":"1Z7SL1","gamemasterPersistentId":"P-625be625-c55f-41dd-b0a7-b7e953e9266b"}}
{"eventType":"ROOM_CREATED","timestamp":"2025-05-19T20:26:09.771Z","details":{"roomCode":"EPPH2F","gamemasterPersistentId":"P-625be625-c55f-41dd-b0a7-b7e953e9266b"}}
{"eventType":"ROOM_CREATED","timestamp":"2025-05-19T20:26:09.772Z","details":{"roomCode":"EHEKXE","gamemasterPersistentId":"P-625be625-c55f-41dd-b0a7-b7e953e9266b"}}
{"eventType":"ROOM_CREATED","timestamp":"2025-05-19T20:26:09.773Z","details":{"roomCode":"75HM9F","gamemasterPersistentId":"P-625be625-c55f-41dd-b0a7-b7e953e9266b"}}
{"eventType":"ROOM_CREATED","timestamp":"2025-05-19T20:26:09.774Z","details":{"roomCode":"E04GOM","gamemasterPersistentId":"P-625be625-c55f-41dd-b0a7-b7e953e9266b"}}
{"eventType":"ROOM_CREATED","timestamp":"2025-05-19T20:26:09.775Z","details":{"roomCode":"BI7YKS","gamemasterPersistentId":"P-625be625-c55f-41dd-b0a7-b7e953e9266b"}}
{"eventType":"ROOM_CREATED","timestamp":"2025-05-19T20:26:09.776Z","details":{"roomCode":"KPXS5C","gamemasterPersistentId":"P-625be625-c55f-41dd-b0a7-b7e953e9266b"}}
{"eventType":"ROOM_CREATED","timestamp":"2025-05-19T20:26:09.777Z","details":{"roomCode":"24J4XL","gamemasterPersistentId":"P-625be625-c55f-41dd-b0a7-b7e953e9266b"}}
{"eventType":"ROOM_CREATED","timestamp":"2025-05-19T20:26:09.778Z","details":{"roomCode":"DA5T7G","gamemasterPersistentId":"P-625be625-c55f-41dd-b0a7-b7e953e9266b"}}
{"eventType":"ROOM_CREATED","timestamp":"2025-05-21T09:27:12.037Z","details":{"roomCode":"D2ME72","gamemasterPersistentId":"P-maxqkb3g-5u5r1a3p"}}
{"eventType":"ROOM_CREATED","timestamp":"2025-05-21T10:37:32.900Z","details":{"roomCode":"D2ME72","gamemasterPersistentId":"P-maxqkb3g-5u5r1a3p"}}
{"eventType":"ROOM_CREATED","timestamp":"2025-05-21T10:37:40.810Z","details":{"roomCode":"5N5DUS","gamemasterPersistentId":"P-maxqkb3g-5u5r1a3p"}}
{"eventType":"ROOM_CREATED","timestamp":"2025-05-21T16:09:01.505Z","details":{"roomCode":"6ZN7N7","gamemasterPersistentId":"GM-d0e86075-186f-4a0d-911c-a8f727094f26"}}
{"eventType":"ROOM_CREATED","timestamp":"2025-05-21T18:01:02.165Z","details":{"roomCode":"747FFK","gamemasterPersistentId":"GM-baf82f0c-883f-429b-8f99-7214c76950f3"}}
{"eventType":"ROOM_CREATED","timestamp":"2025-05-21T18:18:42.437Z","details":{"roomCode":"FHNBEL","gamemasterPersistentId":"GM-55f9f110-bc85-4206-a2aa-023ffc2bbc51"}}
{"eventType":"ROOM_CREATED","timestamp":"2025-05-21T18:28:29.124Z","details":{"roomCode":"KMMVZR","gamemasterPersistentId":"GM-d38aaa1a-585b-43fe-be0d-bc776fa8dd3e"}}
{"eventType":"ROOM_CREATED","timestamp":"2025-05-21T18:43:01.557Z","details":{"roomCode":"X2ILVA","gamemasterPersistentId":"GM-dfe9e1d4-2adb-4479-9d4f-a70c9b5c9a35"}}
{"eventType":"ROOM_CREATED","timestamp":"2025-05-21T18:54:51.238Z","details":{"roomCode":"N6HSYX","gamemasterPersistentId":"GM-43172a9a-2ba8-43ec-9bc4-f488bed7ca4c"}}
{"eventType":"ROOM_CREATED","timestamp":"2025-05-21T18:59:12.644Z","details":{"roomCode":"IP2CAD","gamemasterPersistentId":"GM-d631a549-b319-48f1-a4d7-97d81c581891"}}
{"eventType":"ROOM_CREATED","timestamp":"2025-05-21T19:04:05.065Z","details":{"roomCode":"PCMOPY","gamemasterPersistentId":"GM-295da843-39b7-433e-99a7-d79d769a4a5c"}}
{"eventType":"ROOM_CREATED","timestamp":"2025-05-21T19:14:30.509Z","details":{"roomCode":"JE4Z51","gamemasterPersistentId":"GM-19196920-ea2a-4bfe-a05d-8b69337ccebe"}}
{"eventType":"ROOM_CREATED","timestamp":"2025-05-21T19:14:54.060Z","details":{"roomCode":"D2ME72","gamemasterPersistentId":"P-maxqkb3g-5u5r1a3p"}}
{"eventType":"ROOM_CREATED","timestamp":"2025-05-21T19:14:54.061Z","details":{"roomCode":"5N5DUS","gamemasterPersistentId":"P-maxqkb3g-5u5r1a3p"}}
{"eventType":"ROOM_CREATED","timestamp":"2025-05-21T19:14:54.062Z","details":{"roomCode":"0NJ9C7","gamemasterPersistentId":"GM-06f223f4-7dba-4449-8f72-1ea33a7714a5"}}
{"eventType":"ROOM_CREATED","timestamp":"2025-05-21T19:14:54.063Z","details":{"roomCode":"N8PXI0","gamemasterPersistentId":"GM-4de3a5e2-f67f-4e2b-917b-159588c15df1"}}
{"eventType":"ROOM_CREATED","timestamp":"2025-05-21T19:14:54.064Z","details":{"roomCode":"XMVDZU","gamemasterPersistentId":"GM-842e17e4-0f6a-4486-887d-3b6ca2f3d75e"}}
{"eventType":"ROOM_CREATED","timestamp":"2025-05-21T19:14:54.065Z","details":{"roomCode":"KZG6FA","gamemasterPersistentId":"GM-a5caa3e8-dec3-4062-913f-9afa0062aaf1"}}
{"eventType":"ROOM_CREATED","timestamp":"2025-05-21T19:14:54.065Z","details":{"roomCode":"PCMOPY","gamemasterPersistentId":"GM-295da843-39b7-433e-99a7-d79d769a4a5c"}}
{"eventType":"ROOM_CREATED","timestamp":"2025-05-21T19:14:54.066Z","details":{"roomCode":"JE4Z51","gamemasterPersistentId":"GM-19196920-ea2a-4bfe-a05d-8b69337ccebe"}}
{"eventType":"ROOM_CREATED","timestamp":"2025-05-21T19:15:01.163Z","details":{"roomCode":"YJFFPM","gamemasterPersistentId":"P-955b3471-201c-4de0-9eff-4a92e2ea0f2d"}}
{"eventType":"ROOM_CREATED","timestamp":"2025-05-21T19:18:08.625Z","details":{"roomCode":"D2ME72","gamemasterPersistentId":"P-maxqkb3g-5u5r1a3p"}}
{"eventType":"ROOM_CREATED","timestamp":"2025-05-21T19:18:08.626Z","details":{"roomCode":"5N5DUS","gamemasterPersistentId":"P-maxqkb3g-5u5r1a3p"}}
{"eventType":"ROOM_CREATED","timestamp":"2025-05-21T19:18:08.627Z","details":{"roomCode":"0NJ9C7","gamemasterPersistentId":"GM-06f223f4-7dba-4449-8f72-1ea33a7714a5"}}
{"eventType":"ROOM_CREATED","timestamp":"2025-05-21T19:18:08.628Z","details":{"roomCode":"N8PXI0","gamemasterPersistentId":"GM-4de3a5e2-f67f-4e2b-917b-159588c15df1"}}
{"eventType":"ROOM_CREATED","timestamp":"2025-05-21T19:18:08.629Z","details":{"roomCode":"XMVDZU","gamemasterPersistentId":"GM-842e17e4-0f6a-4486-887d-3b6ca2f3d75e"}}
{"eventType":"ROOM_CREATED","timestamp":"2025-05-21T19:18:08.630Z","details":{"roomCode":"KZG6FA","gamemasterPersistentId":"GM-a5caa3e8-dec3-4062-913f-9afa0062aaf1"}}
{"eventType":"ROOM_CREATED","timestamp":"2025-05-21T19:18:08.631Z","details":{"roomCode":"PCMOPY","gamemasterPersistentId":"GM-295da843-39b7-433e-99a7-d79d769a4a5c"}}
{"eventType":"ROOM_CREATED","timestamp":"2025-05-21T19:18:08.632Z","details":{"roomCode":"JE4Z51","gamemasterPersistentId":"GM-19196920-ea2a-4bfe-a05d-8b69337ccebe"}}
{"eventType":"ROOM_CREATED","timestamp":"2025-05-21T19:18:08.633Z","details":{"roomCode":"YJFFPM","gamemasterPersistentId":"P-955b3471-201c-4de0-9eff-4a92e2ea0f2d"}}
{"eventType":"ROOM_CREATED","timestamp":"2025-05-21T19:18:13.615Z","details":{"roomCode":"0LS7O4","gamemasterPersistentId":"P-955b3471-201c-4de0-9eff-4a92e2ea0f2d"}}
{"eventType":"ROOM_CREATED","timestamp":"2025-05-21T19:20:17.479Z","details":{"roomCode":"KYJRKS","gamemasterPersistentId":"P-307b17e1-695a-4aeb-9990-1d14f4e5bd61"}}
{"eventType":"ROOM_CREATED","timestamp":"2025-05-21T19:20:35.487Z","details":{"roomCode":"7KIO61","gamemasterPersistentId":"P-307b17e1-695a-4aeb-9990-1d14f4e5bd61"}}
{"eventType":"ROOM_CREATED","timestamp":"2025-05-21T19:23:39.041Z","details":{"roomCode":"D2ME72","gamemasterPersistentId":"P-maxqkb3g-5u5r1a3p"}}
{"eventType":"ROOM_CREATED","timestamp":"2025-05-21T19:23:39.042Z","details":{"roomCode":"5N5DUS","gamemasterPersistentId":"P-maxqkb3g-5u5r1a3p"}}
{"eventType":"ROOM_CREATED","timestamp":"2025-05-21T19:23:39.043Z","details":{"roomCode":"0NJ9C7","gamemasterPersistentId":"GM-06f223f4-7dba-4449-8f72-1ea33a7714a5"}}
{"eventType":"ROOM_CREATED","timestamp":"2025-05-21T19:23:39.044Z","details":{"roomCode":"N8PXI0","gamemasterPersistentId":"GM-4de3a5e2-f67f-4e2b-917b-159588c15df1"}}
{"eventType":"ROOM_CREATED","timestamp":"2025-05-21T19:23:39.044Z","details":{"roomCode":"XMVDZU","gamemasterPersistentId":"GM-842e17e4-0f6a-4486-887d-3b6ca2f3d75e"}}
{"eventType":"ROOM_CREATED","timestamp":"2025-05-21T19:23:39.045Z","details":{"roomCode":"KZG6FA","gamemasterPersistentId":"GM-a5caa3e8-dec3-4062-913f-9afa0062aaf1"}}
{"eventType":"ROOM_CREATED","timestamp":"2025-05-21T19:23:39.046Z","details":{"roomCode":"PCMOPY","gamemasterPersistentId":"GM-295da843-39b7-433e-99a7-d79d769a4a5c"}}
{"eventType":"ROOM_CREATED","timestamp":"2025-05-21T19:23:39.047Z","details":{"roomCode":"JE4Z51","gamemasterPersistentId":"GM-19196920-ea2a-4bfe-a05d-8b69337ccebe"}}
{"eventType":"ROOM_CREATED","timestamp":"2025-05-21T19:23:39.048Z","details":{"roomCode":"YJFFPM","gamemasterPersistentId":"P-955b3471-201c-4de0-9eff-4a92e2ea0f2d"}}
{"eventType":"ROOM_CREATED","timestamp":"2025-05-21T19:23:39.049Z","details":{"roomCode":"0LS7O4","gamemasterPersistentId":"P-955b3471-201c-4de0-9eff-4a92e2ea0f2d"}}
{"eventType":"ROOM_CREATED","timestamp":"2025-05-21T19:23:39.050Z","details":{"roomCode":"KYJRKS","gamemasterPersistentId":"P-307b17e1-695a-4aeb-9990-1d14f4e5bd61"}}
{"eventType":"ROOM_CREATED","timestamp":"2025-05-21T19:23:39.051Z","details":{"roomCode":"7KIO61","gamemasterPersistentId":"P-307b17e1-695a-4aeb-9990-1d14f4e5bd61"}}
{"eventType":"ROOM_CREATED","timestamp":"2025-05-21T19:23:47.653Z","details":{"roomCode":"I2EXFT","gamemasterPersistentId":"P-307b17e1-695a-4aeb-9990-1d14f4e5bd61"}}
{"eventType":"ROOM_CREATED","timestamp":"2025-05-21T19:26:09.111Z","details":{"roomCode":"D2ME72","gamemasterPersistentId":"P-maxqkb3g-5u5r1a3p"}}
{"eventType":"ROOM_CREATED","timestamp":"2025-05-21T19:26:09.112Z","details":{"roomCode":"5N5DUS","gamemasterPersistentId":"P-maxqkb3g-5u5r1a3p"}}
{"eventType":"ROOM_CREATED","timestamp":"2025-05-21T19:26:09.113Z","details":{"roomCode":"0NJ9C7","gamemasterPersistentId":"GM-06f223f4-7dba-4449-8f72-1ea33a7714a5"}}
{"eventType":"ROOM_CREATED","timestamp":"2025-05-21T19:26:09.114Z","details":{"roomCode":"N8PXI0","gamemasterPersistentId":"GM-4de3a5e2-f67f-4e2b-917b-159588c15df1"}}
{"eventType":"ROOM_CREATED","timestamp":"2025-05-21T19:26:09.115Z","details":{"roomCode":"XMVDZU","gamemasterPersistentId":"GM-842e17e4-0f6a-4486-887d-3b6ca2f3d75e"}}
{"eventType":"ROOM_CREATED","timestamp":"2025-05-21T19:26:09.117Z","details":{"roomCode":"KZG6FA","gamemasterPersistentId":"GM-a5caa3e8-dec3-4062-913f-9afa0062aaf1"}}
{"eventType":"ROOM_CREATED","timestamp":"2025-05-21T19:26:09.118Z","details":{"roomCode":"PCMOPY","gamemasterPersistentId":"GM-295da843-39b7-433e-99a7-d79d769a4a5c"}}
{"eventType":"ROOM_CREATED","timestamp":"2025-05-21T19:26:09.119Z","details":{"roomCode":"JE4Z51","gamemasterPersistentId":"GM-19196920-ea2a-4bfe-a05d-8b69337ccebe"}}
{"eventType":"ROOM_CREATED","timestamp":"2025-05-21T19:26:09.120Z","details":{"roomCode":"YJFFPM","gamemasterPersistentId":"P-955b3471-201c-4de0-9eff-4a92e2ea0f2d"}}
{"eventType":"ROOM_CREATED","timestamp":"2025-05-21T19:26:09.121Z","details":{"roomCode":"0LS7O4","gamemasterPersistentId":"P-955b3471-201c-4de0-9eff-4a92e2ea0f2d"}}
{"eventType":"ROOM_CREATED","timestamp":"2025-05-21T19:26:09.122Z","details":{"roomCode":"KYJRKS","gamemasterPersistentId":"P-307b17e1-695a-4aeb-9990-1d14f4e5bd61"}}
{"eventType":"ROOM_CREATED","timestamp":"2025-05-21T19:26:09.123Z","details":{"roomCode":"7KIO61","gamemasterPersistentId":"P-307b17e1-695a-4aeb-9990-1d14f4e5bd61"}}
{"eventType":"ROOM_CREATED","timestamp":"2025-05-21T19:26:09.124Z","details":{"roomCode":"I2EXFT","gamemasterPersistentId":"P-307b17e1-695a-4aeb-9990-1d14f4e5bd61"}}
{"eventType":"ROOM_CREATED","timestamp":"2025-05-21T19:26:15.402Z","details":{"roomCode":"9FT77I","gamemasterPersistentId":"P-307b17e1-695a-4aeb-9990-1d14f4e5bd61"}}
{"eventType":"ROOM_CREATED","timestamp":"2025-05-21T19:28:17.144Z","details":{"roomCode":"D2ME72","gamemasterPersistentId":"P-maxqkb3g-5u5r1a3p"}}
{"eventType":"ROOM_CREATED","timestamp":"2025-05-21T19:28:17.145Z","details":{"roomCode":"5N5DUS","gamemasterPersistentId":"P-maxqkb3g-5u5r1a3p"}}
{"eventType":"ROOM_CREATED","timestamp":"2025-05-21T19:28:17.146Z","details":{"roomCode":"0NJ9C7","gamemasterPersistentId":"GM-06f223f4-7dba-4449-8f72-1ea33a7714a5"}}
{"eventType":"ROOM_CREATED","timestamp":"2025-05-21T19:28:17.147Z","details":{"roomCode":"N8PXI0","gamemasterPersistentId":"GM-4de3a5e2-f67f-4e2b-917b-159588c15df1"}}
{"eventType":"ROOM_CREATED","timestamp":"2025-05-21T19:28:17.147Z","details":{"roomCode":"XMVDZU","gamemasterPersistentId":"GM-842e17e4-0f6a-4486-887d-3b6ca2f3d75e"}}
{"eventType":"ROOM_CREATED","timestamp":"2025-05-21T19:28:17.148Z","details":{"roomCode":"KZG6FA","gamemasterPersistentId":"GM-a5caa3e8-dec3-4062-913f-9afa0062aaf1"}}
{"eventType":"ROOM_CREATED","timestamp":"2025-05-21T19:28:17.149Z","details":{"roomCode":"PCMOPY","gamemasterPersistentId":"GM-295da843-39b7-433e-99a7-d79d769a4a5c"}}
{"eventType":"ROOM_CREATED","timestamp":"2025-05-21T19:28:17.150Z","details":{"roomCode":"JE4Z51","gamemasterPersistentId":"GM-19196920-ea2a-4bfe-a05d-8b69337ccebe"}}
{"eventType":"ROOM_CREATED","timestamp":"2025-05-21T19:28:17.152Z","details":{"roomCode":"YJFFPM","gamemasterPersistentId":"P-955b3471-201c-4de0-9eff-4a92e2ea0f2d"}}
{"eventType":"ROOM_CREATED","timestamp":"2025-05-21T19:28:17.153Z","details":{"roomCode":"0LS7O4","gamemasterPersistentId":"P-955b3471-201c-4de0-9eff-4a92e2ea0f2d"}}
{"eventType":"ROOM_CREATED","timestamp":"2025-05-21T19:28:17.154Z","details":{"roomCode":"KYJRKS","gamemasterPersistentId":"P-307b17e1-695a-4aeb-9990-1d14f4e5bd61"}}
{"eventType":"ROOM_CREATED","timestamp":"2025-05-21T19:28:17.155Z","details":{"roomCode":"7KIO61","gamemasterPersistentId":"P-307b17e1-695a-4aeb-9990-1d14f4e5bd61"}}
{"eventType":"ROOM_CREATED","timestamp":"2025-05-21T19:28:17.155Z","details":{"roomCode":"I2EXFT","gamemasterPersistentId":"P-307b17e1-695a-4aeb-9990-1d14f4e5bd61"}}
{"eventType":"ROOM_CREATED","timestamp":"2025-05-21T19:28:17.157Z","details":{"roomCode":"9FT77I","gamemasterPersistentId":"P-307b17e1-695a-4aeb-9990-1d14f4e5bd61"}}
{"eventType":"ROOM_CREATED","timestamp":"2025-05-21T19:28:27.913Z","details":{"roomCode":"1ZC5QN","gamemasterPersistentId":"GM-d41144b2-e14e-4118-aeb8-fcc032f18bbf"}}
{"eventType":"ROOM_CREATED","timestamp":"2025-05-21T19:30:57.044Z","details":{"roomCode":"TYKLFZ","gamemasterPersistentId":"GM-d26bc13b-752c-41c7-851f-3e025999acdb"}}
{"eventType":"ROOM_CREATED","timestamp":"2025-05-21T19:34:15.052Z","details":{"roomCode":"D2ME72","gamemasterPersistentId":"P-maxqkb3g-5u5r1a3p"}}
{"eventType":"ROOM_CREATED","timestamp":"2025-05-21T19:34:15.053Z","details":{"roomCode":"5N5DUS","gamemasterPersistentId":"P-maxqkb3g-5u5r1a3p"}}
{"eventType":"ROOM_CREATED","timestamp":"2025-05-21T19:34:15.054Z","details":{"roomCode":"0NJ9C7","gamemasterPersistentId":"GM-06f223f4-7dba-4449-8f72-1ea33a7714a5"}}
{"eventType":"ROOM_CREATED","timestamp":"2025-05-21T19:34:15.055Z","details":{"roomCode":"N8PXI0","gamemasterPersistentId":"GM-4de3a5e2-f67f-4e2b-917b-159588c15df1"}}
{"eventType":"ROOM_CREATED","timestamp":"2025-05-21T19:34:15.056Z","details":{"roomCode":"XMVDZU","gamemasterPersistentId":"GM-842e17e4-0f6a-4486-887d-3b6ca2f3d75e"}}
{"eventType":"ROOM_CREATED","timestamp":"2025-05-21T19:34:15.057Z","details":{"roomCode":"KZG6FA","gamemasterPersistentId":"GM-a5caa3e8-dec3-4062-913f-9afa0062aaf1"}}
{"eventType":"ROOM_CREATED","timestamp":"2025-05-21T19:34:15.058Z","details":{"roomCode":"PCMOPY","gamemasterPersistentId":"GM-295da843-39b7-433e-99a7-d79d769a4a5c"}}
{"eventType":"ROOM_CREATED","timestamp":"2025-05-21T19:34:15.059Z","details":{"roomCode":"JE4Z51","gamemasterPersistentId":"GM-19196920-ea2a-4bfe-a05d-8b69337ccebe"}}
{"eventType":"ROOM_CREATED","timestamp":"2025-05-21T19:34:15.061Z","details":{"roomCode":"YJFFPM","gamemasterPersistentId":"P-955b3471-201c-4de0-9eff-4a92e2ea0f2d"}}
{"eventType":"ROOM_CREATED","timestamp":"2025-05-21T19:34:15.062Z","details":{"roomCode":"0LS7O4","gamemasterPersistentId":"P-955b3471-201c-4de0-9eff-4a92e2ea0f2d"}}
{"eventType":"ROOM_CREATED","timestamp":"2025-05-21T19:34:15.063Z","details":{"roomCode":"KYJRKS","gamemasterPersistentId":"P-307b17e1-695a-4aeb-9990-1d14f4e5bd61"}}
{"eventType":"ROOM_CREATED","timestamp":"2025-05-21T19:34:15.064Z","details":{"roomCode":"7KIO61","gamemasterPersistentId":"P-307b17e1-695a-4aeb-9990-1d14f4e5bd61"}}
{"eventType":"ROOM_CREATED","timestamp":"2025-05-21T19:34:15.066Z","details":{"roomCode":"I2EXFT","gamemasterPersistentId":"P-307b17e1-695a-4aeb-9990-1d14f4e5bd61"}}
{"eventType":"ROOM_CREATED","timestamp":"2025-05-21T19:34:15.068Z","details":{"roomCode":"9FT77I","gamemasterPersistentId":"P-307b17e1-695a-4aeb-9990-1d14f4e5bd61"}}
{"eventType":"ROOM_CREATED","timestamp":"2025-05-21T19:34:15.069Z","details":{"roomCode":"1ZC5QN","gamemasterPersistentId":"GM-d41144b2-e14e-4118-aeb8-fcc032f18bbf"}}
{"eventType":"ROOM_CREATED","timestamp":"2025-05-21T19:34:15.070Z","details":{"roomCode":"TYKLFZ","gamemasterPersistentId":"GM-d26bc13b-752c-41c7-851f-3e025999acdb"}}
{"eventType":"ROOM_CREATED","timestamp":"2025-05-21T19:34:26.556Z","details":{"roomCode":"9DHJWU","gamemasterPersistentId":"GM-766a9a1b-beab-4fbc-8033-b6cdd81c3118"}}
